MPASM 5.77                        LAB4P7.ASM   3-10-2022  6:31:09         PAGE  1


LOC  OBJECT CODE     LINE SOURCE TEXT
  VALUE

                      00001 ; THIS FIRST ASSEMBLY LANGUAGE PROGRAM WILL FLASH AN LED CONNECTED
                      00002   ; TO THE PINS 0 THROUGH 3 OF PORT C
                      00003   #include<P18F4620.inc>
                      00001         LIST
                      00002 
                      00003 ;==========================================================================
                      00004 ; Build date : Nov 22 2017
                      00005 ;  MPASM PIC18F4620 processor include
                      00006 ; 
                      00007 ;  (c) Copyright 1999-2017 Microchip Technology, All rights reserved
                      00008 ;==========================================================================
                      00009 
                      01440         LIST
                      00004   config    OSC = INTIO67
                      00005   config    WDT = OFF
                      00006   config    LVP = OFF
                      00007   config    BOREN = OFF
                      00008  
                      00009   ; Constant declarations
Warning[207]: Found label after column 1. (input_a)
  00000001            00010   input_a    equ 0x01
Warning[207]: Found label after column 1. (input_b)
  00000002            00011   input_b    equ 0x02
Warning[207]: Found label after column 1. (input_c)
  00000003            00012   input_c    equ 0x03
Warning[207]: Found label after column 1. (input_d)
  00000004            00013   input_d    equ 0x04
Warning[207]: Found label after column 1. (result)
  00000005            00014   result    equ 0x05
                      00015      ORG    0x0000
                      00016   ; CODE STARTS FROM THE NEXT LINE
                      00017  
000000                00018 START:
000000 0E0F           00019     MOVLW    0X0F            ; Load W with 0x0F
000002 6EC1           00020     MOVWF    ADCON1            ; Make ADCON1 to be all digital 
                      00021  
000004 0EFF           00022     MOVLW    0xFF            ; Load W with 0xFF
000006 6E92           00023     MOVWF    TRISA            ; Set PORT A as all inputs
                      00024 
000008 0EFF           00025     MOVLW    0xFF            ; Load W with 0xFF
00000A 6E94           00026     MOVWF    TRISC            ; Set PORT C as all inputs
                      00027     
00000C 0E07           00028     MOVLW   0x07            
00000E 6E95           00029     MOVWF    TRISD            ; Set PORT C as all inputs
                      00030 
000010 0E00           00031     MOVLW    0x00            ; Load W with 0x00 
000012 6E93           00032     MOVWF    TRISB            ; Make PORT B as outputs 
                      00033 
                      00034     
000014                00035 MAIN_LOOP:
000014 B483           00036     BTFSC PORTD, 2
000016 EF?? F???      00037     GOTO PORTD2EQ1
00001A EF?? F???      00038     GOTO PORTD2EQ0
MPASM 5.77                        LAB4P7.ASM   3-10-2022  6:31:09         PAGE  2


LOC  OBJECT CODE     LINE SOURCE TEXT
  VALUE

00001E                00039 PORTD2EQ1:
00001E EF?? F???      00040     GOTO TASK_BCD
000022                00041 PORTD2EQ0:
000022 B283           00042     BTFSC PORTD, 1
000024 EF?? F???      00043     GOTO PORTD1EQ1
000028 EF?? F???      00044     GOTO PORTD1EQ0
00002C                00045 PORTD1EQ1:
00002C B083           00046     BTFSC PORTD, 0
00002E EF?? F???      00047     GOTO TASK_XOR
000032 EF?? F???      00048     GOTO TASK_AND
000036                00049 PORTD1EQ0:
000036 B083           00050     BTFSC PORTD, 0
000038 EF?? F???      00051     GOTO TASK_ADD
00003C EF?? F???      00052     GOTO TASK_COMP
                      00053     
                      00054     
000040                00055 TASK_BCD:
000040 8C83           00056     BSF PORTD, 6
000042 9A83           00057     BCF PORTD, 5
000044 9883           00058     BCF PORTD, 4
000046 0E40           00059     MOVLW 0x40
000048 6E83           00060     MOVWF PORTD
00004A EC?? F???      00061     CALL SUBROUTINE_BCD
00004E EF?? F???      00062     GOTO MAIN_LOOP
                      00063 
000052                00064 TASK_COMP:
000052 9C83           00065     BCF PORTD, 6
000054 9A83           00066     BCF PORTD, 5
000056 9883           00067     BCF PORTD, 4
000058 0E00           00068     MOVLW 0x00
00005A 6E83           00069     MOVWF PORTD
00005C EC?? F???      00070     CALL SUBROUTINE_COMP
000060 EF?? F???      00071     GOTO MAIN_LOOP 
                      00072  
Warning[207]: Found label after column 1. (TASK_ADD)
000064                00073  TASK_ADD:
000064 9C83           00074     BCF PORTD, 6
000066 9A83           00075     BCF PORTD, 5
000068 9883           00076     BCF PORTD, 4
00006A 0E10           00077     MOVLW 0x10  
00006C 6E83           00078     MOVWF PORTD
00006E EC?? F???      00079     CALL SUBROUTINE_ADD
000072 EF?? F???      00080     GOTO MAIN_LOOP
                      00081  
000076                00082 TASK_AND: 
000076 9C83           00083     BCF PORTD, 6
000078 9A83           00084     BCF PORTD, 5
00007A 9883           00085     BCF PORTD, 4
00007C 0E20           00086     MOVLW 0x20
00007E 6E83           00087     MOVWF PORTD 
000080 EC?? F???      00088     CALL SUBROUTINE_AND 
000084 EF?? F???      00089     GOTO MAIN_LOOP
                      00090     
MPASM 5.77                        LAB4P7.ASM   3-10-2022  6:31:09         PAGE  3


LOC  OBJECT CODE     LINE SOURCE TEXT
  VALUE

Warning[207]: Found label after column 1. (TASK_XOR)
000088                00091  TASK_XOR: 
000088 9C83           00092     BCF PORTD, 6
00008A 9A83           00093     BCF PORTD, 5
00008C 9883           00094     BCF PORTD, 4
00008E 0E30           00095     MOVLW 0x30
000090 6E83           00096     MOVWF PORTD 
000092 EC?? F???      00097     CALL SUBROUTINE_XOR 
000096 EF?? F???      00098     GOTO MAIN_LOOP    
                      00099     
                      00100     
00009A                00101 SUBROUTINE_COMP: 
00009A 5080           00102     MOVF        PORTA, W            ; Read from PORT A and move into W
00009C 0B0F           00103     ANDLW       0x0F                ; Mask PORT A with 0x0F
00009E 6E01           00104     MOVWF       input_a             ; Move masked data from PORTA to input_a
                      00105  
0000A0 1C01           00106     COMF        input_a,0           ; Add W with input_a and store back into W
                      00107  
0000A2 0B0F           00108     ANDLW       0x0F                ; Mask with 0x0F
0000A4 6E05           00109     MOVWF       result              ; Output to variable "result" 
0000A6 C005 FF81      00110     MOVFF       result, PORTB       ; Move content from result to PORTB
0000AA 0012           00111     RETURN
                      00112     
                      00113     
0000AC                00114 SUBROUTINE_ADD:
0000AC 5080           00115     MOVF    PORTA, W        ; Read from PORT A and move into W
0000AE 0B0F           00116     ANDLW    0x0F            ; Mask PORT A with 0x0F
0000B0 6E01           00117     MOVWF    input_a            ; Move masked data from PORTA to input_a
                      00118  
0000B2 5082           00119     MOVF    PORTC, W        ; Read from PORT C and move into W
0000B4 0B0F           00120     ANDLW    0x0F            ; Mask PORT C with 0x0F
0000B6 6E03           00121     MOVWF    input_c            ; Move masked data from PORTC to input_c
                      00122  
0000B8 2401           00123     ADDWF    input_a,0        ; Add input_c and W and store in result 
                      00124  
0000BA 6E05           00125     MOVWF    result            ; Move W to result
                      00126  
0000BC C005 FF81      00127     MOVFF    result, PORTB        ; Move content from result to PORTB
                      00128  
0000C0 9084           00129     BCF        PORTE,0            ; Clear bit 0 of PORT E 
0000C2 E1??           00130     BNZ        CHECK_NOTZ        ; If not Z, jump to MAIN_LOOP
0000C4 8084           00131     BSF        PORTE,0            ; Set bit 0 of PORT E 
                      00132 
0000C6                00133 SUBROUTINE_AND: 
0000C6 5080           00134     MOVF    PORTA, W        ; Read from PORT A and move into W
0000C8 0B0F           00135     ANDLW    0x0F            ; Mask PORT A with 0x0F
0000CA 6E01           00136     MOVWF    input_a            ; Move masked data from PORTA to input_a
                      00137  
0000CC 5082           00138     MOVF    PORTC, W        ; Read from PORT C and move into W
0000CE 0B0F           00139     ANDLW    0x0F            ; Mask PORT C with 0x0F
0000D0 6E03           00140     MOVWF    input_c            ; Move masked data from PORTC to input_c
                      00141  
0000D2 1401           00142     ANDWF    input_a,0        ; Add input_c and W and store in result 
MPASM 5.77                        LAB4P7.ASM   3-10-2022  6:31:09         PAGE  4


LOC  OBJECT CODE     LINE SOURCE TEXT
  VALUE

                      00143  
0000D4 6E05           00144     MOVWF    result            ; Move W to result
                      00145  
0000D6 C005 FF81      00146     MOVFF    result, PORTB        ; Move content from result to PORTB
                      00147  
0000DA 9084           00148     BCF        PORTE,0            ; Clear bit 0 of PORT E 
0000DC E1??           00149     BNZ        CHECK_NOTZ        ; If not Z, jump to MAIN_LOOP
0000DE 8084           00150     BSF        PORTE,0            ; Set bit 0 of PORT E 
                      00151     
                      00152     
                      00153     
0000E0                00154 SUBROUTINE_XOR: 
0000E0 5080           00155     MOVF    PORTA, W        ; Read from PORT A and move into W
0000E2 0B0F           00156     ANDLW    0x0F            ; Mask PORT A with 0x0F
0000E4 6E01           00157     MOVWF    input_a            ; Move masked data from PORTA to input_a
                      00158  
0000E6 5082           00159     MOVF    PORTC, W        ; Read from PORT C and move into W
0000E8 0B0F           00160     ANDLW    0x0F            ; Mask PORT C with 0x0F
0000EA 6E03           00161     MOVWF    input_c            ; Move masked data from PORTC to input_c
                      00162 
0000EC 1801           00163     XORWF    input_a,0        ; Add input_c and W and store in result 
                      00164 
0000EE 6E05           00165     MOVWF    result            ; Move W to result
                      00166  
0000F0 C005 FF81      00167     MOVFF    result, PORTB        ; Move content from result to PORTB
                      00168  
0000F4 9084           00169     BCF        PORTE,0            ; Clear bit 0 of PORT E 
0000F6 E1??           00170     BNZ        CHECK_NOTZ        ; If not Z, jump to MAIN_LOOP
0000F8 8084           00171     BSF        PORTE,0            ; Set bit 0 of PORT E 
                      00172     
0000FA                00173 CHECK_NOTZ:
0000FA 0012           00174     RETURN
                      00175     
0000FC                00176 SUBROUTINE_BCD:
0000FC 5080           00177     MOVF    PORTA, W        ; Read from PORT A and move into W
0000FE 0B0F           00178     ANDLW    0x0F            ; Mask PORT A with 0x0F
000100 6E01           00179     MOVWF    input_a            ; Move masked data from PORTA to input_a
                      00180  
000102 0E09           00181     MOVLW    0x09            ; Load 0x09 into W
                      00182 
000104 6501           00183     CPFSGT  input_a,1
000106 EF?? F???      00184     GOTO    OUTPUT
                      00185     
00010A 0E06           00186     MOVLW 0x06
00010C 2401           00187     ADDWF   input_a,0
00010E 6E01           00188     MOVWF   input_a
                      00189     
000110 EF?? F???      00190     GOTO OUTPUT    
                      00191     
000114                00192 OUTPUT:
000114 5001           00193     MOVF    input_a,W
000116 6E05           00194     MOVWF   result
000118 C005 FF81      00195     MOVFF   result, PORTB
MPASM 5.77                        LAB4P7.ASM   3-10-2022  6:31:09         PAGE  5


LOC  OBJECT CODE     LINE SOURCE TEXT
  VALUE

                      00196     
Warning[205]: Found directive in column 1. (END)
                      00197 END
MPASM 5.77                        LAB4P7.ASM   3-10-2022  6:31:09         PAGE  6


SYMBOL TABLE
  LABEL                             VALUE 

A                                 00000000
ABDEN                             00000000
ABDOVF                            00000007
ACCESS                            00000000
ACKDT                             00000005
ACKEN                             00000004
ACKSTAT                           00000006
ACQT0                             00000003
ACQT1                             00000004
ACQT2                             00000005
ADCON0                            00000FC2
ADCON1                            00000FC1
ADCON2                            00000FC0
ADCS0                             00000000
ADCS1                             00000001
ADCS2                             00000002
ADDEN                             00000003
ADEN                              00000003
ADFM                              00000007
ADIE                              00000006
ADIF                              00000006
ADIP                              00000006
ADON                              00000000
ADRES                             00000FC3
ADRESH                            00000FC4
ADRESL                            00000FC3
AN10                              00000001
AN11                              00000004
AN12                              00000000
AN4                               00000005
AN5                               00000000
AN6                               00000001
AN7                               00000002
AN8                               00000002
AN9                               00000003
BANKED                            00000001
BAUDCON                           00000FB8
BAUDCTL                           00000FB8
BCLIE                             00000003
BCLIF                             00000003
BCLIP                             00000003
BF                                00000000
BGST                              00000005
BOR                               00000000
BRG16                             00000003
BRGH                              00000002
BSR                               00000FE0
C                                 00000000
C1INV                             00000004
C1OUT                             00000006
C2INV                             00000005
C2OUT                             00000007
CCP1                              00000002
MPASM 5.77                        LAB4P7.ASM   3-10-2022  6:31:09         PAGE  7


SYMBOL TABLE
  LABEL                             VALUE 

CCP1CON                           00000FBD
CCP1IE                            00000002
CCP1IF                            00000002
CCP1IP                            00000002
CCP1M0                            00000000
CCP1M1                            00000001
CCP1M2                            00000002
CCP1M3                            00000003
CCP1X                             00000005
CCP1Y                             00000004
CCP2CON                           00000FBA
CCP2IE                            00000000
CCP2IF                            00000000
CCP2IP                            00000000
CCP2M0                            00000000
CCP2M1                            00000001
CCP2M2                            00000002
CCP2M3                            00000003
CCP2X                             00000005
CCP2Y                             00000004
CCP2_PORTB                        00000003
CCP2_PORTC                        00000001
CCPR1                             00000FBE
CCPR1H                            00000FBF
CCPR1L                            00000FBE
CCPR2                             00000FBB
CCPR2H                            00000FBC
CCPR2L                            00000FBB
CFGS                              00000006
CHECK_NOTZ                        000000FA
CHS0                              00000002
CHS1                              00000003
CHS2                              00000004
CHS3                              00000005
CIS                               00000003
CK                                00000006
CKE                               00000006
CKP                               00000004
CM0                               00000000
CM1                               00000001
CM2                               00000002
CMCON                             00000FB4
CMIE                              00000006
CMIF                              00000006
CMIP                              00000006
CREN                              00000004
CS                                00000002
CSRC                              00000007
CVR0                              00000000
CVR1                              00000001
CVR2                              00000002
CVR3                              00000003
CVRCON                            00000FB5
MPASM 5.77                        LAB4P7.ASM   3-10-2022  6:31:09         PAGE  8


SYMBOL TABLE
  LABEL                             VALUE 

CVREN                             00000007
CVROE                             00000006
CVRR                              00000005
CVRSS                             00000004
D                                 00000005
DC                                00000001
DC1B0                             00000004
DC1B1                             00000005
DC2B0                             00000004
DC2B1                             00000005
DDRA                              TRISA
DDRB                              TRISB
DDRC                              TRISC
DDRD                              TRISD
DDRE                              TRISE
DONE                              00000001
D_A                               00000005
D_NOT_A                           00000005
ECCP1AS                           00000FB6
ECCPAS0                           00000004
ECCPAS1                           00000005
ECCPAS2                           00000006
ECCPASE                           00000007
EEADR                             00000FA9
EEADRH                            00000FAA
EECON1                            00000FA6
EECON2                            00000FA7
EEDATA                            00000FA8
EEIE                              00000004
EEIF                              00000004
EEIP                              00000004
EEPGD                             00000007
FAST                              00000001
FERR                              00000002
FREE                              00000004
FSR0                              00000000
FSR0H                             00000FEA
FSR0L                             00000FE9
FSR1                              00000001
FSR1H                             00000FE2
FSR1L                             00000FE1
FSR2                              00000002
FSR2H                             00000FDA
FSR2L                             00000FD9
GCEN                              00000007
GIE                               00000007
GIEH                              00000007
GIEL                              00000006
GIE_GIEH                          00000007
GO                                00000001
GO_DONE                           00000001
GO_NOT_DONE                       00000001
HLVDCON                           00000FD2
MPASM 5.77                        LAB4P7.ASM   3-10-2022  6:31:09         PAGE  9


SYMBOL TABLE
  LABEL                             VALUE 

HLVDEN                            00000004
HLVDIE                            00000002
HLVDIF                            00000002
HLVDIN                            00000005
HLVDIP                            00000002
HLVDL0                            00000000
HLVDL1                            00000001
HLVDL2                            00000002
HLVDL3                            00000003
IBF                               00000007
IBOV                              00000005
IDLEN                             00000007
INDF0                             00000FEF
INDF1                             00000FE7
INDF2                             00000FDF
INT0                              00000000
INT0E                             00000004
INT0F                             00000001
INT0IE                            00000004
INT0IF                            00000001
INT1                              00000001
INT1E                             00000003
INT1F                             00000000
INT1IE                            00000003
INT1IF                            00000000
INT1IP                            00000006
INT1P                             00000006
INT2                              00000002
INT2E                             00000004
INT2F                             00000001
INT2IE                            00000004
INT2IF                            00000001
INT2IP                            00000007
INT2P                             00000007
INTCON                            00000FF2
INTCON2                           00000FF1
INTCON3                           00000FF0
INTEDG0                           00000006
INTEDG1                           00000005
INTEDG2                           00000004
INTSRC                            00000007
IOFS                              00000002
IPEN                              00000007
IPR1                              00000F9F
IPR2                              00000FA2
IRCF0                             00000004
IRCF1                             00000005
IRCF2                             00000006
IRVST                             00000005
IVRST                             00000005
KBI0                              00000004
KBI1                              00000005
KBI2                              00000006
MPASM 5.77                        LAB4P7.ASM   3-10-2022  6:31:09         PAGE 10


SYMBOL TABLE
  LABEL                             VALUE 

KBI3                              00000007
LATA                              00000F89
LATA0                             00000000
LATA1                             00000001
LATA2                             00000002
LATA3                             00000003
LATA4                             00000004
LATA5                             00000005
LATA6                             00000006
LATA7                             00000007
LATB                              00000F8A
LATB0                             00000000
LATB1                             00000001
LATB2                             00000002
LATB3                             00000003
LATB4                             00000004
LATB5                             00000005
LATB6                             00000006
LATB7                             00000007
LATC                              00000F8B
LATC0                             00000000
LATC1                             00000001
LATC2                             00000002
LATC3                             00000003
LATC4                             00000004
LATC5                             00000005
LATC6                             00000006
LATC7                             00000007
LATD                              00000F8C
LATD0                             00000000
LATD1                             00000001
LATD2                             00000002
LATD3                             00000003
LATD4                             00000004
LATD5                             00000005
LATD6                             00000006
LATD7                             00000007
LATE                              00000F8D
LATE0                             00000000
LATE1                             00000001
LATE2                             00000002
LVDCON                            00000FD2
LVDEN                             00000004
LVDIE                             00000002
LVDIF                             00000002
LVDIN                             00000005
LVDIP                             00000002
LVDL0                             00000000
LVDL1                             00000001
LVDL2                             00000002
LVDL3                             00000003
LVV0                              00000000
LVV1                              00000001
MPASM 5.77                        LAB4P7.ASM   3-10-2022  6:31:09         PAGE 11


SYMBOL TABLE
  LABEL                             VALUE 

LVV2                              00000002
LVV3                              00000003
MAIN_LOOP                         00000014
MCLR                              00000003
N                                 00000004
NOT_A                             00000005
NOT_ADDRESS                       00000005
NOT_BOR                           00000000
NOT_CS                            00000002
NOT_DONE                          00000001
NOT_MCLR                          00000003
NOT_PD                            00000002
NOT_POR                           00000001
NOT_RBPU                          00000007
NOT_RD                            00000000
NOT_RI                            00000004
NOT_SS                            00000005
NOT_T1SYNC                        00000002
NOT_T3SYNC                        00000002
NOT_TO                            00000003
NOT_W                             00000002
NOT_WR                            00000001
NOT_WRITE                         00000002
OBF                               00000006
OERR                              00000001
OSCCON                            00000FD3
OSCFIE                            00000007
OSCFIF                            00000007
OSCFIP                            00000007
OSCTUNE                           00000F9B
OSTS                              00000003
OUTPUT                            00000114
OV                                00000003
P                                 00000004
P1B                               00000005
P1C                               00000006
P1D                               00000007
P1M0                              00000006
P1M1                              00000007
PC                                00000FF9
PCFG0                             00000000
PCFG1                             00000001
PCFG2                             00000002
PCFG3                             00000003
PCL                               00000FF9
PCLATH                            00000FFA
PCLATU                            00000FFB
PD                                00000002
PDC0                              00000000
PDC1                              00000001
PDC2                              00000002
PDC3                              00000003
PDC4                              00000004
MPASM 5.77                        LAB4P7.ASM   3-10-2022  6:31:09         PAGE 12


SYMBOL TABLE
  LABEL                             VALUE 

PDC5                              00000005
PDC6                              00000006
PEIE                              00000006
PEIE_GIEL                         00000006
PEN                               00000002
PGC                               00000006
PGD                               00000007
PGM                               00000005
PIE1                              00000F9D
PIE2                              00000FA0
PIR1                              00000F9E
PIR2                              00000FA1
PLLEN                             00000006
PLUSW0                            00000FEB
PLUSW1                            00000FE3
PLUSW2                            00000FDB
POR                               00000001
PORTA                             00000F80
PORTB                             00000F81
PORTC                             00000F82
PORTD                             00000F83
PORTD1EQ0                         00000036
PORTD1EQ1                         0000002C
PORTD2EQ0                         00000022
PORTD2EQ1                         0000001E
PORTE                             00000F84
POSTDEC0                          00000FED
POSTDEC1                          00000FE5
POSTDEC2                          00000FDD
POSTINC0                          00000FEE
POSTINC1                          00000FE6
POSTINC2                          00000FDE
PR2                               00000FCB
PREINC0                           00000FEC
PREINC1                           00000FE4
PREINC2                           00000FDC
PROD                              00000FF3
PRODH                             00000FF4
PRODL                             00000FF3
PRSEN                             00000007
PSA                               00000003
PSP0                              00000000
PSP1                              00000001
PSP2                              00000002
PSP3                              00000003
PSP4                              00000004
PSP5                              00000005
PSP6                              00000006
PSP7                              00000007
PSPIE                             00000007
PSPIF                             00000007
PSPIP                             00000007
PSPMODE                           00000004
MPASM 5.77                        LAB4P7.ASM   3-10-2022  6:31:09         PAGE 13


SYMBOL TABLE
  LABEL                             VALUE 

PSSAC0                            00000002
PSSAC1                            00000003
PSSBD0                            00000000
PSSBD1                            00000001
PWM1CON                           00000FB7
R                                 00000002
RA0                               00000000
RA1                               00000001
RA2                               00000002
RA3                               00000003
RA4                               00000004
RA5                               00000005
RA6                               00000006
RA7                               00000007
RB0                               00000000
RB1                               00000001
RB2                               00000002
RB3                               00000003
RB4                               00000004
RB5                               00000005
RB6                               00000006
RB7                               00000007
RBIE                              00000003
RBIF                              00000000
RBIP                              00000000
RBPU                              00000007
RC0                               00000000
RC1                               00000001
RC2                               00000002
RC3                               00000003
RC4                               00000004
RC5                               00000005
RC6                               00000006
RC7                               00000007
RCEN                              00000003
RCIDL                             00000006
RCIE                              00000005
RCIF                              00000005
RCIP                              00000005
RCMT                              00000006
RCON                              00000FD0
RCREG                             00000FAE
RCSTA                             00000FAB
RD                                00000000
RD0                               00000000
RD1                               00000001
RD16                              00000007
RD2                               00000002
RD3                               00000003
RD4                               00000004
RD5                               00000005
RD6                               00000006
RD7                               00000007
MPASM 5.77                        LAB4P7.ASM   3-10-2022  6:31:09         PAGE 14


SYMBOL TABLE
  LABEL                             VALUE 

RE0                               00000000
RE1                               00000001
RE2                               00000002
RE3                               00000003
RI                                00000004
RSEN                              00000001
RX                                00000007
RX9                               00000006
RX9D                              00000000
RXCKP                             00000005
RXDTP                             00000005
R_NOT_W                           00000002
R_W                               00000002
S                                 00000003
SBOREN                            00000006
SCK                               00000003
SCKP                              00000004
SCL                               00000003
SCS0                              00000000
SCS1                              00000001
SDA                               00000004
SDI                               00000004
SDO                               00000005
SEN                               00000000
SENDB                             00000003
SMP                               00000007
SP0                               00000000
SP1                               00000001
SP2                               00000002
SP3                               00000003
SP4                               00000004
SPBRG                             00000FAF
SPBRGH                            00000FB0
SPEN                              00000007
SREN                              00000005
SS                                00000005
SSPADD                            00000FC8
SSPBUF                            00000FC9
SSPCON1                           00000FC6
SSPCON2                           00000FC5
SSPEN                             00000005
SSPIE                             00000003
SSPIF                             00000003
SSPIP                             00000003
SSPM0                             00000000
SSPM1                             00000001
SSPM2                             00000002
SSPM3                             00000003
SSPOV                             00000006
SSPSTAT                           00000FC7
START                             00000000
STATUS                            00000FD8
STKFUL                            00000007
MPASM 5.77                        LAB4P7.ASM   3-10-2022  6:31:09         PAGE 15


SYMBOL TABLE
  LABEL                             VALUE 

STKOVF                            00000007
STKPTR                            00000FFC
STKPTR0                           00000000
STKPTR1                           00000001
STKPTR2                           00000002
STKPTR3                           00000003
STKPTR4                           00000004
STKUNF                            00000006
SUBROUTINE_ADD                    000000AC
SUBROUTINE_AND                    000000C6
SUBROUTINE_BCD                    000000FC
SUBROUTINE_COMP                   0000009A
SUBROUTINE_XOR                    000000E0
SWDTE                             00000000
SWDTEN                            00000000
SYNC                              00000004
T016BIT                           00000006
T08BIT                            00000006
T0CKI                             00000004
T0CON                             00000FD5
T0CS                              00000005
T0IE                              00000005
T0IF                              00000002
T0PS0                             00000000
T0PS1                             00000001
T0PS2                             00000002
T0SE                              00000004
T13CKI                            00000000
T1CKI                             00000000
T1CKPS0                           00000004
T1CKPS1                           00000005
T1CON                             00000FCD
T1OSCEN                           00000003
T1OSI                             00000001
T1OSO                             00000000
T1RUN                             00000006
T1SYNC                            00000002
T2CKPS0                           00000000
T2CKPS1                           00000001
T2CON                             00000FCA
T2OUTPS0                          00000003
T2OUTPS1                          00000004
T2OUTPS2                          00000005
T2OUTPS3                          00000006
T3CCP1                            00000003
T3CCP2                            00000006
T3CKPS0                           00000004
T3CKPS1                           00000005
T3CON                             00000FB1
T3SYNC                            00000002
TABLAT                            00000FF5
TASK_ADD                          00000064
TASK_AND                          00000076
MPASM 5.77                        LAB4P7.ASM   3-10-2022  6:31:09         PAGE 16


SYMBOL TABLE
  LABEL                             VALUE 

TASK_BCD                          00000040
TASK_COMP                         00000052
TASK_XOR                          00000088
TBLPTR                            00000FF6
TBLPTRH                           00000FF7
TBLPTRL                           00000FF6
TBLPTRU                           00000FF8
TMR0                              00000FD6
TMR0H                             00000FD7
TMR0IE                            00000005
TMR0IF                            00000002
TMR0IP                            00000002
TMR0L                             00000FD6
TMR0ON                            00000007
TMR1                              00000FCE
TMR1CS                            00000001
TMR1H                             00000FCF
TMR1IE                            00000000
TMR1IF                            00000000
TMR1IP                            00000000
TMR1L                             00000FCE
TMR1ON                            00000000
TMR2                              00000FCC
TMR2IE                            00000001
TMR2IF                            00000001
TMR2IP                            00000001
TMR2ON                            00000002
TMR3                              00000FB2
TMR3CS                            00000001
TMR3H                             00000FB3
TMR3IE                            00000001
TMR3IF                            00000001
TMR3IP                            00000001
TMR3L                             00000FB2
TMR3ON                            00000000
TO                                00000003
TOS                               00000FFD
TOSH                              00000FFE
TOSL                              00000FFD
TOSU                              00000FFF
TRISA                             00000F92
TRISA0                            00000000
TRISA1                            00000001
TRISA2                            00000002
TRISA3                            00000003
TRISA4                            00000004
TRISA5                            00000005
TRISA6                            00000006
TRISA7                            00000007
TRISB                             00000F93
TRISB0                            00000000
TRISB1                            00000001
TRISB2                            00000002
MPASM 5.77                        LAB4P7.ASM   3-10-2022  6:31:09         PAGE 17


SYMBOL TABLE
  LABEL                             VALUE 

TRISB3                            00000003
TRISB4                            00000004
TRISB5                            00000005
TRISB6                            00000006
TRISB7                            00000007
TRISC                             00000F94
TRISC0                            00000000
TRISC1                            00000001
TRISC2                            00000002
TRISC3                            00000003
TRISC4                            00000004
TRISC5                            00000005
TRISC6                            00000006
TRISC7                            00000007
TRISD                             00000F95
TRISD0                            00000000
TRISD1                            00000001
TRISD2                            00000002
TRISD3                            00000003
TRISD4                            00000004
TRISD5                            00000005
TRISD6                            00000006
TRISD7                            00000007
TRISE                             00000F96
TRISE0                            00000000
TRISE1                            00000001
TRISE2                            00000002
TRMT                              00000001
TUN0                              00000000
TUN1                              00000001
TUN2                              00000002
TUN3                              00000003
TUN4                              00000004
TX                                00000006
TX9                               00000006
TX9D                              00000000
TXCKP                             00000004
TXEN                              00000005
TXIE                              00000004
TXIF                              00000004
TXIP                              00000004
TXREG                             00000FAD
TXSTA                             00000FAC
UA                                00000001
VCFG0                             00000004
VCFG1                             00000005
VDIRMAG                           00000007
VPP                               00000003
W                                 00000000
WCOL                              00000007
WDTCON                            00000FD1
WR                                00000001
WREG                              00000FE8
MPASM 5.77                        LAB4P7.ASM   3-10-2022  6:31:09         PAGE 18


SYMBOL TABLE
  LABEL                             VALUE 

WREN                              00000002
WRERR                             00000003
WUE                               00000001
Z                                 00000002
_BOREN_NOSLP_2L                   000000FD
_BOREN_OFF_2L                     000000F9
_BOREN_ON_2L                      000000FB
_BOREN_SBORDIS_2L                 000000FF
_BORV_0_2L                        000000E7
_BORV_1_2L                        000000EF
_BORV_2_2L                        000000F7
_BORV_3_2L                        000000FF
_CCP2MX_PORTBE_3H                 000000FE
_CCP2MX_PORTC_3H                  000000FF
_CONFIG1H                         00300001
_CONFIG2H                         00300003
_CONFIG2L                         00300002
_CONFIG3H                         00300005
_CONFIG4L                         00300006
_CONFIG5H                         00300009
_CONFIG5L                         00300008
_CONFIG6H                         0030000B
_CONFIG6L                         0030000A
_CONFIG7H                         0030000D
_CONFIG7L                         0030000C
_CP0_OFF_5L                       000000FF
_CP0_ON_5L                        000000FE
_CP1_OFF_5L                       000000FF
_CP1_ON_5L                        000000FD
_CP2_OFF_5L                       000000FF
_CP2_ON_5L                        000000FB
_CP3_OFF_5L                       000000FF
_CP3_ON_5L                        000000F7
_CPB_OFF_5H                       000000FF
_CPB_ON_5H                        000000BF
_CPD_OFF_5H                       000000FF
_CPD_ON_5H                        0000007F
_DEBUG_OFF_4L                     000000FF
_DEBUG_ON_4L                      0000007F
_DEVID1                           003FFFFE
_DEVID2                           003FFFFF
_EBTR0_OFF_7L                     000000FF
_EBTR0_ON_7L                      000000FE
_EBTR1_OFF_7L                     000000FF
_EBTR1_ON_7L                      000000FD
_EBTR2_OFF_7L                     000000FF
_EBTR2_ON_7L                      000000FB
_EBTR3_OFF_7L                     000000FF
_EBTR3_ON_7L                      000000F7
_EBTRB_OFF_7H                     000000FF
_EBTRB_ON_7H                      000000BF
_FCMEN_OFF_1H                     000000BF
_FCMEN_ON_1H                      000000FF
MPASM 5.77                        LAB4P7.ASM   3-10-2022  6:31:09         PAGE 19


SYMBOL TABLE
  LABEL                             VALUE 

_IDLOC0                           00200000
_IDLOC1                           00200001
_IDLOC2                           00200002
_IDLOC3                           00200003
_IDLOC4                           00200004
_IDLOC5                           00200005
_IDLOC6                           00200006
_IDLOC7                           00200007
_IESO_OFF_1H                      0000007F
_IESO_ON_1H                       000000FF
_LPT1OSC_OFF_3H                   000000FB
_LPT1OSC_ON_3H                    000000FF
_LVP_OFF_4L                       000000FB
_LVP_ON_4L                        000000FF
_MCLRE_OFF_3H                     0000007F
_MCLRE_ON_3H                      000000FF
_OSC_ECIO6_1H                     000000F5
_OSC_EC_1H                        000000F4
_OSC_HSPLL_1H                     000000F6
_OSC_HS_1H                        000000F2
_OSC_INTIO67_1H                   000000F8
_OSC_INTIO7_1H                    000000F9
_OSC_LP_1H                        000000F0
_OSC_RCIO6_1H                     000000F7
_OSC_RC_1H                        000000F3
_OSC_XT_1H                        000000F1
_PBADEN_OFF_3H                    000000FD
_PBADEN_ON_3H                     000000FF
_PWRT_OFF_2L                      000000FF
_PWRT_ON_2L                       000000FE
_STVREN_OFF_4L                    000000FE
_STVREN_ON_4L                     000000FF
_WDTPS_1024_2H                    000000F5
_WDTPS_128_2H                     000000EF
_WDTPS_16384_2H                   000000FD
_WDTPS_16_2H                      000000E9
_WDTPS_1_2H                       000000E1
_WDTPS_2048_2H                    000000F7
_WDTPS_256_2H                     000000F1
_WDTPS_2_2H                       000000E3
_WDTPS_32768_2H                   000000FF
_WDTPS_32_2H                      000000EB
_WDTPS_4096_2H                    000000F9
_WDTPS_4_2H                       000000E5
_WDTPS_512_2H                     000000F3
_WDTPS_64_2H                      000000ED
_WDTPS_8192_2H                    000000FB
_WDTPS_8_2H                       000000E7
_WDT_OFF_2H                       000000FE
_WDT_ON_2H                        000000FF
_WRT0_OFF_6L                      000000FF
_WRT0_ON_6L                       000000FE
_WRT1_OFF_6L                      000000FF
MPASM 5.77                        LAB4P7.ASM   3-10-2022  6:31:09         PAGE 20


SYMBOL TABLE
  LABEL                             VALUE 

_WRT1_ON_6L                       000000FD
_WRT2_OFF_6L                      000000FF
_WRT2_ON_6L                       000000FB
_WRT3_OFF_6L                      000000FF
_WRT3_ON_6L                       000000F7
_WRTB_OFF_6H                      000000FF
_WRTB_ON_6H                       000000BF
_WRTC_OFF_6H                      000000FF
_WRTC_ON_6H                       000000DF
_WRTD_OFF_6H                      000000FF
_WRTD_ON_6H                       0000007F
_XINST_OFF_4L                     000000BF
_XINST_ON_4L                      000000FF
__18F4620                         00000001
input_a                           00000001
input_b                           00000002
input_c                           00000003
input_d                           00000004
result                            00000005

Errors   :     0
Warnings :     8 reported,     0 suppressed
Messages :     0 reported,     0 suppressed

