

Microchip Technology PIC18 LITE Macro Assembler V1.34 build -361300703 
                                                                                               Sat Feb 05 11:06:58 2022

Microchip Technology Omniscient Code Generator (Lite mode) build 201502162209
     1                           	processor	18F4620
     2                           	fnconf	rparam,??,?,0
     3                           	opt	pw 120
     4                           	opt	lm
     5                           	psect	text0,global,reloc=2,class=CODE,delta=1
     6                           	psect	cinit,global,reloc=2,class=CODE,delta=1
     7                           	psect	cstackCOMRAM,global,class=COMRAM,space=1,delta=1
     8                           	psect	text1,global,reloc=2,class=CODE,delta=1
     9                           	psect	text2,global,reloc=2,class=CODE,delta=1
    10                           	psect	text3,global,reloc=2,class=CODE,delta=1
    11                           	psect	intsave_regs,global,class=BIGRAM,space=1,delta=1
    12                           	psect	rparam,global,class=COMRAM,space=1,delta=1
    13  0000                     _ADCON0	set	4034
    14  0000                     _ADCON0bits	set	4034
    15  0000                     _ADCON1	set	4033
    16  0000                     _ADCON2	set	4032
    17  0000                     _ADRESH	set	4036
    18  0000                     _ADRESL	set	4035
    19  0000                     _LATB	set	3978
    20  0000                     _TRISB	set	3987
    21                           
    22 ;;
    23 ;;Main: autosize = 0, tempsize = 0, incstack = 0, save=0
    24 ;;
    25 ;; *************** function _main *****************
    26 ;; Defined at:
    27 ;;		line 20 in file "Lab1P1.c"
    28 ;; Parameters:    Size  Location     Type
    29 ;;		None
    30 ;; Auto vars:     Size  Location     Type
    31 ;;  ADC_Result      2    6[COMRAM] unsigned int 
    32 ;; Return value:  Size  Location     Type
    33 ;;		None               void
    34 ;; Registers used:
    35 ;;		wreg, status,2, status,0, cstack
    36 ;; Tracked objects:
    37 ;;		On entry : 0/0
    38 ;;		On exit  : 0/0
    39 ;;		Unchanged: 0/0
    40 ;; Data sizes:     COMRAM   BANK0   BANK1   BANK2   BANK3   BANK4   BANK5   BANK6   BANK7   BANK8   BANK9  BANK10  BANK1
      +1  BANK12  BANK13  BANK14  BANK15
    41 ;;      Params:         0       0       0       0       0       0       0       0       0       0       0       0       
      +0       0       0       0       0
    42 ;;      Locals:         2       0       0       0       0       0       0       0       0       0       0       0       
      +0       0       0       0       0
    43 ;;      Temps:          0       0       0       0       0       0       0       0       0       0       0       0       
      +0       0       0       0       0
    44 ;;      Totals:         2       0       0       0       0       0       0       0       0       0       0       0       
      +0       0       0       0       0
    45 ;;Total ram usage:        2 bytes
    46 ;; Hardware stack levels required when called:    1
    47 ;; This function calls:
    48 ;;		_Flash_LED
    49 ;;		_Get_Full_ADC
    50 ;;		_Init_ADC
    51 ;; This function is called by:
    52 ;;		Startup code after reset
    53 ;; This function uses a non-reentrant model
    54 ;;
    55                           
    56                           	psect	text0
    57  00FF5E                     __ptext0:
    58                           	opt stack 0
    59  00FF5E                     _main:
    60                           	opt stack 30
    61                           
    62                           ;Lab1P1.c: 21: unsigned int ADC_Result;
    63                           ;Lab1P1.c: 23: Init_ADC();
    64                           
    65                           ;incstack = 0
    66  00FF5E  EC95  F07F         	call	_Init_ADC	;wreg free
    67                           
    68                           ;Lab1P1.c: 25: TRISB = 0x00;
    69  00FF62  0E00               	movlw	0
    70  00FF64  6E93               	movwf	3987,c	;volatile
    71  00FF66  D000               	goto	l732
    72  00FF68                     l732:
    73                           
    74                           ;Lab1P1.c: 28: ADC_Result = Get_Full_ADC();
    75  00FF68  EC9C  F07F         	call	_Get_Full_ADC	;wreg free
    76  00FF6C  C001  F007         	movff	?_Get_Full_ADC,main@ADC_Result
    77  00FF70  C002  F008         	movff	?_Get_Full_ADC+1,main@ADC_Result+1
    78                           
    79                           ;Lab1P1.c: 29: Flash_LED(ADC_Result);
    80  00FF74  C007  F001         	movff	main@ADC_Result,Flash_LED@ADC_result
    81  00FF78  C008  F002         	movff	main@ADC_Result+1,Flash_LED@ADC_result+1
    82  00FF7C  ECC3  F07F         	call	_Flash_LED	;wreg free
    83  00FF80  D7F3               	goto	l732
    84  00FF82  EF00  F000         	goto	start
    85  00FF86                     __end_of_main:
    86                           	opt stack 0
    87                           
    88                           	psect	cinit
    89  00FF24                     __pcinit:
    90                           	opt stack 0
    91  00FF24                     start_initialization:
    92                           	opt stack 0
    93  00FF24                     __initialization:
    94                           	opt stack 0
    95  00FF24                     end_of_initialization:
    96                           	opt stack 0
    97  00FF24                     __end_of__initialization:
    98                           	opt stack 0
    99  00FF24  0100               	movlb	0
   100  00FF26  EFAF  F07F         	goto	_main	;jump to C main() function
   101                           
   102                           	psect	cstackCOMRAM
   103  000001                     __pcstackCOMRAM:
   104                           	opt stack 0
   105  000001                     ?_Get_Full_ADC:
   106                           	opt stack 0
   107  000001                     Flash_LED@ADC_result:
   108                           	opt stack 0
   109                           
   110                           ; 2 bytes @ 0x0
   111  000001                     	ds	2
   112  000003                     ??_Get_Full_ADC:
   113  000003                     Flash_LED@counter1:
   114                           	opt stack 0
   115                           
   116                           ; 2 bytes @ 0x2
   117  000003                     	ds	2
   118  000005                     Get_Full_ADC@result:
   119                           	opt stack 0
   120  000005                     Flash_LED@counter2:
   121                           	opt stack 0
   122                           
   123                           ; 2 bytes @ 0x4
   124  000005                     	ds	2
   125  000007                     main@ADC_Result:
   126                           	opt stack 0
   127                           
   128                           ; 2 bytes @ 0x6
   129  000007                     	ds	2
   130                           
   131 ;; *************** function _Init_ADC *****************
   132 ;; Defined at:
   133 ;;		line 33 in file "Lab1P1.c"
   134 ;; Parameters:    Size  Location     Type
   135 ;;		None
   136 ;; Auto vars:     Size  Location     Type
   137 ;;		None
   138 ;; Return value:  Size  Location     Type
   139 ;;		None               void
   140 ;; Registers used:
   141 ;;		wreg, status,2
   142 ;; Tracked objects:
   143 ;;		On entry : 0/0
   144 ;;		On exit  : 0/0
   145 ;;		Unchanged: 0/0
   146 ;; Data sizes:     COMRAM   BANK0   BANK1   BANK2   BANK3   BANK4   BANK5   BANK6   BANK7   BANK8   BANK9  BANK10  BANK1
      +1  BANK12  BANK13  BANK14  BANK15
   147 ;;      Params:         0       0       0       0       0       0       0       0       0       0       0       0       
      +0       0       0       0       0
   148 ;;      Locals:         0       0       0       0       0       0       0       0       0       0       0       0       
      +0       0       0       0       0
   149 ;;      Temps:          0       0       0       0       0       0       0       0       0       0       0       0       
      +0       0       0       0       0
   150 ;;      Totals:         0       0       0       0       0       0       0       0       0       0       0       0       
      +0       0       0       0       0
   151 ;;Total ram usage:        0 bytes
   152 ;; Hardware stack levels used:    1
   153 ;; This function calls:
   154 ;;		Nothing
   155 ;; This function is called by:
   156 ;;		_main
   157 ;; This function uses a non-reentrant model
   158 ;;
   159                           
   160                           	psect	text1
   161  00FF2A                     __ptext1:
   162                           	opt stack 0
   163  00FF2A                     _Init_ADC:
   164                           	opt stack 30
   165                           
   166                           ;Lab1P1.c: 34: ADCON0 = 0x01;
   167                           
   168                           ;incstack = 0
   169  00FF2A  0E01               	movlw	1
   170  00FF2C  6EC2               	movwf	4034,c	;volatile
   171                           
   172                           ;Lab1P1.c: 36: ADCON1 = 0x0E;
   173  00FF2E  0E0E               	movlw	14
   174  00FF30  6EC1               	movwf	4033,c	;volatile
   175                           
   176                           ;Lab1P1.c: 39: ADCON2 = 0xA9;
   177  00FF32  0EA9               	movlw	169
   178  00FF34  6EC0               	movwf	4032,c	;volatile
   179  00FF36  0012               	return		;funcret
   180  00FF38                     __end_of_Init_ADC:
   181                           	opt stack 0
   182                           
   183 ;; *************** function _Get_Full_ADC *****************
   184 ;; Defined at:
   185 ;;		line 42 in file "Lab1P1.c"
   186 ;; Parameters:    Size  Location     Type
   187 ;;		None
   188 ;; Auto vars:     Size  Location     Type
   189 ;;  result          2    4[COMRAM] int 
   190 ;; Return value:  Size  Location     Type
   191 ;;                  2    0[COMRAM] unsigned int 
   192 ;; Registers used:
   193 ;;		wreg, status,2, status,0
   194 ;; Tracked objects:
   195 ;;		On entry : 0/0
   196 ;;		On exit  : 0/0
   197 ;;		Unchanged: 0/0
   198 ;; Data sizes:     COMRAM   BANK0   BANK1   BANK2   BANK3   BANK4   BANK5   BANK6   BANK7   BANK8   BANK9  BANK10  BANK1
      +1  BANK12  BANK13  BANK14  BANK15
   199 ;;      Params:         2       0       0       0       0       0       0       0       0       0       0       0       
      +0       0       0       0       0
   200 ;;      Locals:         2       0       0       0       0       0       0       0       0       0       0       0       
      +0       0       0       0       0
   201 ;;      Temps:          2       0       0       0       0       0       0       0       0       0       0       0       
      +0       0       0       0       0
   202 ;;      Totals:         6       0       0       0       0       0       0       0       0       0       0       0       
      +0       0       0       0       0
   203 ;;Total ram usage:        6 bytes
   204 ;; Hardware stack levels used:    1
   205 ;; This function calls:
   206 ;;		Nothing
   207 ;; This function is called by:
   208 ;;		_main
   209 ;; This function uses a non-reentrant model
   210 ;;
   211                           
   212                           	psect	text2
   213  00FF38                     __ptext2:
   214                           	opt stack 0
   215  00FF38                     _Get_Full_ADC:
   216                           	opt stack 30
   217                           
   218                           ;Lab1P1.c: 43: int result;
   219                           ;Lab1P1.c: 44: ADCON0bits.GO = 1;
   220                           
   221                           ;incstack = 0
   222  00FF38  82C2               	bsf	4034,1,c	;volatile
   223                           
   224                           ;Lab1P1.c: 46: while (ADCON0bits.DONE == 1);
   225  00FF3A  D000               	goto	l34
   226  00FF3C                     l34:
   227  00FF3C  B2C2               	btfsc	4034,1,c	;volatile
   228  00FF3E  D7FE               	goto	l34
   229                           
   230                           ;Lab1P1.c: 48: result = (ADRESH * 0x100) + ADRESL;
   231  00FF40  50C4               	movf	4036,w,c	;volatile
   232  00FF42  6E04               	movwf	(??_Get_Full_ADC+1)& (0+255),c
   233  00FF44  6A03               	clrf	??_Get_Full_ADC& (0+255),c
   234  00FF46  50C3               	movf	4035,w,c	;volatile
   235  00FF48  2403               	addwf	??_Get_Full_ADC,w,c
   236  00FF4A  6E05               	movwf	Get_Full_ADC@result,c
   237  00FF4C  0E00               	movlw	0
   238  00FF4E  2004               	addwfc	??_Get_Full_ADC+1,w,c
   239  00FF50  6E06               	movwf	Get_Full_ADC@result+1,c
   240                           
   241                           ;Lab1P1.c: 49: return result;
   242  00FF52  C005  F001         	movff	Get_Full_ADC@result,?_Get_Full_ADC
   243  00FF56  C006  F002         	movff	Get_Full_ADC@result+1,?_Get_Full_ADC+1
   244  00FF5A  D000               	goto	l37
   245  00FF5C                     l37:
   246  00FF5C  0012               	return		;funcret
   247  00FF5E                     __end_of_Get_Full_ADC:
   248                           	opt stack 0
   249                           
   250 ;; *************** function _Flash_LED *****************
   251 ;; Defined at:
   252 ;;		line 52 in file "Lab1P1.c"
   253 ;; Parameters:    Size  Location     Type
   254 ;;  ADC_result      2    0[COMRAM] unsigned int 
   255 ;; Auto vars:     Size  Location     Type
   256 ;;  counter2        2    4[COMRAM] unsigned int 
   257 ;;  counter1        2    2[COMRAM] unsigned int 
   258 ;; Return value:  Size  Location     Type
   259 ;;		None               void
   260 ;; Registers used:
   261 ;;		wreg, status,2, status,0
   262 ;; Tracked objects:
   263 ;;		On entry : 0/0
   264 ;;		On exit  : 0/0
   265 ;;		Unchanged: 0/0
   266 ;; Data sizes:     COMRAM   BANK0   BANK1   BANK2   BANK3   BANK4   BANK5   BANK6   BANK7   BANK8   BANK9  BANK10  BANK1
      +1  BANK12  BANK13  BANK14  BANK15
   267 ;;      Params:         2       0       0       0       0       0       0       0       0       0       0       0       
      +0       0       0       0       0
   268 ;;      Locals:         4       0       0       0       0       0       0       0       0       0       0       0       
      +0       0       0       0       0
   269 ;;      Temps:          0       0       0       0       0       0       0       0       0       0       0       0       
      +0       0       0       0       0
   270 ;;      Totals:         6       0       0       0       0       0       0       0       0       0       0       0       
      +0       0       0       0       0
   271 ;;Total ram usage:        6 bytes
   272 ;; Hardware stack levels used:    1
   273 ;; This function calls:
   274 ;;		Nothing
   275 ;; This function is called by:
   276 ;;		_main
   277 ;; This function uses a non-reentrant model
   278 ;;
   279                           
   280                           	psect	text3
   281  00FF86                     __ptext3:
   282                           	opt stack 0
   283  00FF86                     _Flash_LED:
   284                           	opt stack 30
   285                           
   286                           ;Lab1P1.c: 53: unsigned int counter1, counter2;
   287                           ;Lab1P1.c: 54: LATB = 0x0A;
   288                           
   289                           ;incstack = 0
   290  00FF86  0E0A               	movlw	10
   291  00FF88  6E8A               	movwf	3978,c	;volatile
   292                           
   293                           ;Lab1P1.c: 57: for (counter2 = 5; counter2 > 0; --counter2) {
   294  00FF8A  0E00               	movlw	0
   295  00FF8C  6E06               	movwf	Flash_LED@counter2+1,c
   296  00FF8E  0E05               	movlw	5
   297  00FF90  6E05               	movwf	Flash_LED@counter2,c
   298  00FF92                     l694:
   299  00FF92  5005               	movf	Flash_LED@counter2,w,c
   300  00FF94  1006               	iorwf	Flash_LED@counter2+1,w,c
   301  00FF96  B4D8               	btfsc	status,2,c
   302  00FF98  D014               	goto	l710
   303  00FF9A  D001               	goto	l40
   304  00FF9C  D012               	goto	l710
   305  00FF9E                     l40:
   306                           
   307                           ;Lab1P1.c: 58: for (counter1 = ADC_result; counter1 > 0; --counter1);
   308  00FF9E  C001  F003         	movff	Flash_LED@ADC_result,Flash_LED@counter1
   309  00FFA2  C002  F004         	movff	Flash_LED@ADC_result+1,Flash_LED@counter1+1
   310  00FFA6                     l698:
   311  00FFA6  5003               	movf	Flash_LED@counter1,w,c
   312  00FFA8  1004               	iorwf	Flash_LED@counter1+1,w,c
   313  00FFAA  B4D8               	btfsc	status,2,c
   314  00FFAC  D006               	goto	l706
   315  00FFAE  D001               	goto	l702
   316  00FFB0  D004               	goto	l706
   317  00FFB2                     l702:
   318  00FFB2  0603               	decf	Flash_LED@counter1,f,c
   319  00FFB4  A0D8               	btfss	status,0,c
   320  00FFB6  0604               	decf	Flash_LED@counter1+1,f,c
   321  00FFB8  D7F6               	goto	l698
   322  00FFBA                     l706:
   323  00FFBA  0605               	decf	Flash_LED@counter2,f,c
   324  00FFBC  A0D8               	btfss	status,0,c
   325  00FFBE  0606               	decf	Flash_LED@counter2+1,f,c
   326  00FFC0  D7E8               	goto	l694
   327  00FFC2                     l710:
   328                           
   329                           ;Lab1P1.c: 59: }
   330                           ;Lab1P1.c: 60: LATB = 0x05;
   331  00FFC2  0E05               	movlw	5
   332  00FFC4  6E8A               	movwf	3978,c	;volatile
   333                           
   334                           ;Lab1P1.c: 63: for (counter2 = 5; counter2 > 0; --counter2) {
   335  00FFC6  0E00               	movlw	0
   336  00FFC8  6E06               	movwf	Flash_LED@counter2+1,c
   337  00FFCA  0E05               	movlw	5
   338  00FFCC  6E05               	movwf	Flash_LED@counter2,c
   339  00FFCE                     l712:
   340  00FFCE  5005               	movf	Flash_LED@counter2,w,c
   341  00FFD0  1006               	iorwf	Flash_LED@counter2+1,w,c
   342  00FFD2  B4D8               	btfsc	status,2,c
   343  00FFD4  D014               	goto	l48
   344  00FFD6  D001               	goto	l44
   345  00FFD8  D012               	goto	l48
   346  00FFDA                     l44:
   347                           
   348                           ;Lab1P1.c: 64: for (counter1 = ADC_result; counter1 > 0; --counter1);
   349  00FFDA  C001  F003         	movff	Flash_LED@ADC_result,Flash_LED@counter1
   350  00FFDE  C002  F004         	movff	Flash_LED@ADC_result+1,Flash_LED@counter1+1
   351  00FFE2                     l716:
   352  00FFE2  5003               	movf	Flash_LED@counter1,w,c
   353  00FFE4  1004               	iorwf	Flash_LED@counter1+1,w,c
   354  00FFE6  B4D8               	btfsc	status,2,c
   355  00FFE8  D006               	goto	l724
   356  00FFEA  D001               	goto	l720
   357  00FFEC  D004               	goto	l724
   358  00FFEE                     l720:
   359  00FFEE  0603               	decf	Flash_LED@counter1,f,c
   360  00FFF0  A0D8               	btfss	status,0,c
   361  00FFF2  0604               	decf	Flash_LED@counter1+1,f,c
   362  00FFF4  D7F6               	goto	l716
   363  00FFF6                     l724:
   364  00FFF6  0605               	decf	Flash_LED@counter2,f,c
   365  00FFF8  A0D8               	btfss	status,0,c
   366  00FFFA  0606               	decf	Flash_LED@counter2+1,f,c
   367  00FFFC  D7E8               	goto	l712
   368  00FFFE                     l48:
   369  00FFFE  0012               	return		;funcret
   370  010000                     __end_of_Flash_LED:
   371                           	opt stack 0
   372  0000                     status	equ	0xFD8
   373                           status	equ	0xFD8
   374                           
   375                           	psect	rparam
   376  0000                     status	equ	0xFD8


Data Sizes:
    Strings     0
    Constant    0
    Data        0
    BSS         0
    Persistent  0
    Stack       0

Auto Spaces:
    Space          Size  Autos    Used
    COMRAM          127      8       8
    BANK0           128      0       0
    BANK1           256      0       0
    BANK2           256      0       0
    BANK3           256      0       0
    BANK4           256      0       0
    BANK5           256      0       0
    BANK6           256      0       0
    BANK7           256      0       0
    BANK8           256      0       0
    BANK9           256      0       0
    BANK10          256      0       0
    BANK11          256      0       0
    BANK12          256      0       0
    BANK13          256      0       0
    BANK14          256      0       0
    BANK15          128      0       0

Pointer List with Targets:

    None.

Critical Paths under _main in COMRAM

    _main->_Flash_LED
    _main->_Get_Full_ADC

Critical Paths under _main in BANK0

    None.

Critical Paths under _main in BANK1

    None.

Critical Paths under _main in BANK2

    None.

Critical Paths under _main in BANK3

    None.

Critical Paths under _main in BANK4

    None.

Critical Paths under _main in BANK5

    None.

Critical Paths under _main in BANK6

    None.

Critical Paths under _main in BANK7

    None.

Critical Paths under _main in BANK8

    None.

Critical Paths under _main in BANK9

    None.

Critical Paths under _main in BANK10

    None.

Critical Paths under _main in BANK11

    None.

Critical Paths under _main in BANK12

    None.

Critical Paths under _main in BANK13

    None.

Critical Paths under _main in BANK14

    None.

Critical Paths under _main in BANK15

    None.

Call Graph Tables:

 ---------------------------------------------------------------------------------
 (Depth) Function   	        Calls       Base Space   Used Autos Params    Refs
 ---------------------------------------------------------------------------------
 (0) _main                                                 2     2      0     317
                                              6 COMRAM     2     2      0
                          _Flash_LED
                       _Get_Full_ADC
                           _Init_ADC
 ---------------------------------------------------------------------------------
 (1) _Init_ADC                                             0     0      0       0
 ---------------------------------------------------------------------------------
 (1) _Get_Full_ADC                                         6     4      2      23
                                              0 COMRAM     6     4      2
 ---------------------------------------------------------------------------------
 (1) _Flash_LED                                            6     4      2     271
                                              0 COMRAM     6     4      2
 ---------------------------------------------------------------------------------
 Estimated maximum stack depth 1
 ---------------------------------------------------------------------------------

 Call Graph Graphs:

 _main (ROOT)
   _Flash_LED
   _Get_Full_ADC
   _Init_ADC

 Address spaces:
Name               Size   Autos  Total    Cost      Usage
BITCOMRAM           7F      0       0       0        0.0%
EEDATA             400      0       0       0        0.0%
NULL                 0      0       0       0        0.0%
CODE                 0      0       0       0        0.0%
COMRAM              7F      8       8       1        6.3%
STACK                0      0       0       2        0.0%
DATA                 0      0       0       3        0.0%
BITBANK0            80      0       0       4        0.0%
BANK0               80      0       0       5        0.0%
BITBANK1           100      0       0       6        0.0%
BANK1              100      0       0       7        0.0%
BITBANK2           100      0       0       8        0.0%
BANK2              100      0       0       9        0.0%
BITBANK3           100      0       0      10        0.0%
BANK3              100      0       0      11        0.0%
BITBANK4           100      0       0      12        0.0%
BANK4              100      0       0      13        0.0%
BITBANK5           100      0       0      14        0.0%
BANK5              100      0       0      15        0.0%
BITBANK6           100      0       0      16        0.0%
BANK6              100      0       0      17        0.0%
BITBANK7           100      0       0      18        0.0%
BANK7              100      0       0      19        0.0%
BITBANK8           100      0       0      20        0.0%
BANK8              100      0       0      21        0.0%
BITBANK9           100      0       0      22        0.0%
BANK9              100      0       0      23        0.0%
BITBANK10          100      0       0      24        0.0%
BANK10             100      0       0      25        0.0%
BITBANK11          100      0       0      26        0.0%
BANK11             100      0       0      27        0.0%
BITBANK12          100      0       0      28        0.0%
BANK12             100      0       0      29        0.0%
BITBANK13          100      0       0      30        0.0%
BANK13             100      0       0      31        0.0%
BITBANK14          100      0       0      32        0.0%
BANK14             100      0       0      33        0.0%
ABS                  0      0       0      34        0.0%
BITBANK15           80      0       0      35        0.0%
BANK15              80      0       0      36        0.0%
BIGRAM             F7F      0       0      37        0.0%
BITSFR               0      0       0      40        0.0%
SFR                  0      0       0      40        0.0%


Microchip Technology PIC18 Macro Assembler V1.34 build -361300703 
Symbol Table                                                                                   Sat Feb 05 11:06:58 2022

                     l40 FF9E                       l34 FF3C                       l44 FFDA  
                     l37 FF5C                       l48 FFFE                      l702 FFB2  
                    l710 FFC2                      l720 FFEE                      l712 FFCE  
                    l706 FFBA                      l724 FFF6                      l716 FFE2  
                    l732 FF68                      l694 FF92                      l698 FFA6  
           __CFG_LVP$OFF 000000             __CFG_WDT$OFF 000000                     _LATB 000F8A  
                   _main FF5E                     start 0000             ___param_bank 000010  
    Flash_LED@ADC_result 0001     __end_of_Get_Full_ADC FF5E                    ?_main 0001  
                  _TRISB 000F93           __CFG_BOREN$OFF 000000                    status 000FD8  
        __initialization FF24             __end_of_main FF86         __end_of_Init_ADC FF38  
                 ??_main 0007            __activetblptr 000000       __size_of_Flash_LED 007A  
                 _ADCON0 000FC2                   _ADCON1 000FC1                   _ADCON2 000FC0  
                 _ADRESH 000FC4                   _ADRESL 000FC3       Get_Full_ADC@result 0005  
             __accesstop 0080  __end_of__initialization FF24            ___rparam_used 000001  
  __size_of_Get_Full_ADC 0026        __end_of_Flash_LED 0000           __pcstackCOMRAM 0001  
           _Get_Full_ADC FF38                ?_Init_ADC 0001               ??_Init_ADC 0001  
                __Hparam 0000                  __Lparam 0000                  __pcinit FF24  
                __ramtop 1000                  __ptext0 FF5E                  __ptext1 FF2A  
                __ptext2 FF38                  __ptext3 FF86     end_of_initialization FF24  
              _Flash_LED FF86      start_initialization FF24         __CFG_OSC$INTIO67 000000  
      __size_of_Init_ADC 000E               ?_Flash_LED 0001              ??_Flash_LED 0003  
             _ADCON0bits 000FC2           main@ADC_Result 0007                 _Init_ADC FF2A  
               __Hrparam 0000                 __Lrparam 0000            ?_Get_Full_ADC 0001  
          __size_of_main 0028           ??_Get_Full_ADC 0003        Flash_LED@counter1 0003  
      Flash_LED@counter2 0005  
