

Microchip Technology PIC18 LITE Macro Assembler V1.34 build -361300703 
                                                                                               Sat Feb 12 10:14:13 2022

Microchip Technology Omniscient Code Generator (Lite mode) build 201502162209
     1                           	processor	18F4620
     2                           	fnconf	rparam,??,?,0
     3                           	opt	pw 120
     4                           	opt	lm
     5                           	psect	text0,global,reloc=2,class=CODE,delta=1
     6                           	psect	cinit,global,reloc=2,class=CODE,delta=1
     7                           	psect	cstackCOMRAM,global,class=COMRAM,space=1,delta=1
     8                           	psect	text1,global,reloc=2,class=CODE,delta=1
     9                           	psect	intsave_regs,global,class=BIGRAM,space=1,delta=1
    10                           	psect	rparam,global,class=COMRAM,space=1,delta=1
    11  0000                     _ADCON1	set	4033
    12  0000                     _PORTC	set	3970
    13  0000                     _PORTD	set	3971
    14  0000                     _TRISA	set	3986
    15  0000                     _TRISC	set	3988
    16  0000                     _TRISD	set	3989
    17                           
    18 ;;
    19 ;;Main: autosize = 0, tempsize = 0, incstack = 0, save=0
    20 ;;
    21 ;; *************** function _main *****************
    22 ;; Defined at:
    23 ;;		line 19 in file "Lab2P4.c"
    24 ;; Parameters:    Size  Location     Type
    25 ;;		None
    26 ;; Auto vars:     Size  Location     Type
    27 ;;  i               1    4[COMRAM] unsigned char 
    28 ;;  in              1    3[COMRAM] unsigned char 
    29 ;;  in2             1    2[COMRAM] unsigned char 
    30 ;; Return value:  Size  Location     Type
    31 ;;		None               void
    32 ;; Registers used:
    33 ;;		wreg, status,2, status,0, cstack
    34 ;; Tracked objects:
    35 ;;		On entry : 0/0
    36 ;;		On exit  : 0/0
    37 ;;		Unchanged: 0/0
    38 ;; Data sizes:     COMRAM   BANK0   BANK1   BANK2   BANK3   BANK4   BANK5   BANK6   BANK7   BANK8   BANK9  BANK10  BANK1
      +1  BANK12  BANK13  BANK14  BANK15
    39 ;;      Params:         0       0       0       0       0       0       0       0       0       0       0       0       
      +0       0       0       0       0
    40 ;;      Locals:         3       0       0       0       0       0       0       0       0       0       0       0       
      +0       0       0       0       0
    41 ;;      Temps:          0       0       0       0       0       0       0       0       0       0       0       0       
      +0       0       0       0       0
    42 ;;      Totals:         3       0       0       0       0       0       0       0       0       0       0       0       
      +0       0       0       0       0
    43 ;;Total ram usage:        3 bytes
    44 ;; Hardware stack levels required when called:    1
    45 ;; This function calls:
    46 ;;		_Delay_One_Sec
    47 ;; This function is called by:
    48 ;;		Startup code after reset
    49 ;; This function uses a non-reentrant model
    50 ;;
    51                           
    52                           	psect	text0
    53  00FFBE                     __ptext0:
    54                           	opt stack 0
    55  00FFBE                     _main:
    56                           	opt stack 30
    57                           
    58                           ;Lab2P4.c: 21: char in;
    59                           ;Lab2P4.c: 22: char in2;
    60                           ;Lab2P4.c: 23: TRISA = 0xff;
    61                           
    62                           ;incstack = 0
    63  00FFBE  6892               	setf	3986,c	;volatile
    64                           
    65                           ;Lab2P4.c: 24: TRISC = 0x00;
    66  00FFC0  0E00               	movlw	0
    67  00FFC2  6E94               	movwf	3988,c	;volatile
    68                           
    69                           ;Lab2P4.c: 25: TRISD = 0x00;
    70  00FFC4  0E00               	movlw	0
    71  00FFC6  6E95               	movwf	3989,c	;volatile
    72                           
    73                           ;Lab2P4.c: 26: ADCON1 = 0x0f;
    74  00FFC8  0E0F               	movlw	15
    75  00FFCA  6EC1               	movwf	4033,c	;volatile
    76  00FFCC                     l20:
    77                           
    78                           ;Lab2P4.c: 29: {
    79                           ;Lab2P4.c: 30: for(char i = 0; i < 8; i++){
    80  00FFCC  0E00               	movlw	0
    81  00FFCE  6E05               	movwf	main@i,c
    82  00FFD0                     l621:
    83  00FFD0  0E07               	movlw	7
    84  00FFD2  6405               	cpfsgt	main@i,c
    85  00FFD4  D001               	goto	l21
    86  00FFD6  D7FA               	goto	l20
    87  00FFD8                     l21:
    88                           
    89                           ;Lab2P4.c: 31: in = i;
    90  00FFD8  C005  F004         	movff	main@i,main@in
    91                           
    92                           ;Lab2P4.c: 33: in2 = 7-i;
    93  00FFDC  5005               	movf	main@i,w,c
    94  00FFDE  0800               	sublw	0
    95  00FFE0  0F07               	addlw	7
    96  00FFE2  6E03               	movwf	main@in2,c
    97                           
    98                           ;Lab2P4.c: 34: in = in & 0x0F;
    99  00FFE4  5004               	movf	main@in,w,c
   100  00FFE6  0B0F               	andlw	15
   101  00FFE8  6E04               	movwf	main@in,c
   102                           
   103                           ;Lab2P4.c: 35: PORTD = in;
   104  00FFEA  C004  FF83         	movff	main@in,3971	;volatile
   105                           
   106                           ;Lab2P4.c: 36: PORTC = in2;
   107  00FFEE  C003  FF82         	movff	main@in2,3970	;volatile
   108                           
   109                           ;Lab2P4.c: 37: Delay_One_Sec();
   110  00FFF2  ECCD  F07F         	call	_Delay_One_Sec	;wreg free
   111  00FFF6  2A05               	incf	main@i,f,c
   112  00FFF8  D7EB               	goto	l621
   113  00FFFA  D7E8               	goto	l20
   114  00FFFC  EF00  F000         	goto	start
   115  010000                     __end_of_main:
   116                           	opt stack 0
   117                           
   118                           	psect	cinit
   119  00FF94                     __pcinit:
   120                           	opt stack 0
   121  00FF94                     start_initialization:
   122                           	opt stack 0
   123  00FF94                     __initialization:
   124                           	opt stack 0
   125  00FF94                     end_of_initialization:
   126                           	opt stack 0
   127  00FF94                     __end_of__initialization:
   128                           	opt stack 0
   129  00FF94  0100               	movlb	0
   130  00FF96  EFDF  F07F         	goto	_main	;jump to C main() function
   131                           
   132                           	psect	cstackCOMRAM
   133  000001                     __pcstackCOMRAM:
   134                           	opt stack 0
   135  000001                     Delay_One_Sec@I:
   136                           	opt stack 0
   137                           
   138                           ; 2 bytes @ 0x0
   139  000001                     	ds	2
   140  000003                     main@in2:
   141                           	opt stack 0
   142                           
   143                           ; 1 bytes @ 0x2
   144  000003                     	ds	1
   145  000004                     main@in:
   146                           	opt stack 0
   147                           
   148                           ; 1 bytes @ 0x3
   149  000004                     	ds	1
   150  000005                     main@i:
   151                           	opt stack 0
   152                           
   153                           ; 1 bytes @ 0x4
   154  000005                     	ds	1
   155                           
   156 ;; *************** function _Delay_One_Sec *****************
   157 ;; Defined at:
   158 ;;		line 14 in file "Lab2P4.c"
   159 ;; Parameters:    Size  Location     Type
   160 ;;		None
   161 ;; Auto vars:     Size  Location     Type
   162 ;;  I               2    0[COMRAM] int 
   163 ;; Return value:  Size  Location     Type
   164 ;;		None               void
   165 ;; Registers used:
   166 ;;		wreg, status,2, status,0
   167 ;; Tracked objects:
   168 ;;		On entry : 0/0
   169 ;;		On exit  : 0/0
   170 ;;		Unchanged: 0/0
   171 ;; Data sizes:     COMRAM   BANK0   BANK1   BANK2   BANK3   BANK4   BANK5   BANK6   BANK7   BANK8   BANK9  BANK10  BANK1
      +1  BANK12  BANK13  BANK14  BANK15
   172 ;;      Params:         0       0       0       0       0       0       0       0       0       0       0       0       
      +0       0       0       0       0
   173 ;;      Locals:         2       0       0       0       0       0       0       0       0       0       0       0       
      +0       0       0       0       0
   174 ;;      Temps:          0       0       0       0       0       0       0       0       0       0       0       0       
      +0       0       0       0       0
   175 ;;      Totals:         2       0       0       0       0       0       0       0       0       0       0       0       
      +0       0       0       0       0
   176 ;;Total ram usage:        2 bytes
   177 ;; Hardware stack levels used:    1
   178 ;; This function calls:
   179 ;;		Nothing
   180 ;; This function is called by:
   181 ;;		_main
   182 ;; This function uses a non-reentrant model
   183 ;;
   184                           
   185                           	psect	text1
   186  00FF9A                     __ptext1:
   187                           	opt stack 0
   188  00FF9A                     _Delay_One_Sec:
   189                           	opt stack 30
   190                           
   191                           ;Lab2P4.c: 16: for(int I=0; I <17000; I++);
   192                           
   193                           ;incstack = 0
   194  00FF9A  0E00               	movlw	0
   195  00FF9C  6E02               	movwf	Delay_One_Sec@I+1,c
   196  00FF9E  0E00               	movlw	0
   197  00FFA0  6E01               	movwf	Delay_One_Sec@I,c
   198  00FFA2                     l609:
   199  00FFA2  BE02               	btfsc	Delay_One_Sec@I+1,7,c
   200  00FFA4  D008               	goto	l613
   201  00FFA6  0E68               	movlw	104
   202  00FFA8  5C01               	subwf	Delay_One_Sec@I,w,c
   203  00FFAA  0E42               	movlw	66
   204  00FFAC  5802               	subwfb	Delay_One_Sec@I+1,w,c
   205  00FFAE  B0D8               	btfsc	status,0,c
   206  00FFB0  D005               	goto	l17
   207  00FFB2  D001               	goto	l613
   208  00FFB4  D003               	goto	l17
   209  00FFB6                     l613:
   210  00FFB6  4A01               	infsnz	Delay_One_Sec@I,f,c
   211  00FFB8  2A02               	incf	Delay_One_Sec@I+1,f,c
   212  00FFBA  D7F3               	goto	l609
   213  00FFBC                     l17:
   214  00FFBC  0012               	return		;funcret
   215  00FFBE                     __end_of_Delay_One_Sec:
   216                           	opt stack 0
   217  0000                     status	equ	0xFD8
   218                           status	equ	0xFD8
   219                           
   220                           	psect	rparam
   221  0000                     status	equ	0xFD8


Data Sizes:
    Strings     0
    Constant    0
    Data        0
    BSS         0
    Persistent  0
    Stack       0

Auto Spaces:
    Space          Size  Autos    Used
    COMRAM          127      5       5
    BANK0           128      0       0
    BANK1           256      0       0
    BANK2           256      0       0
    BANK3           256      0       0
    BANK4           256      0       0
    BANK5           256      0       0
    BANK6           256      0       0
    BANK7           256      0       0
    BANK8           256      0       0
    BANK9           256      0       0
    BANK10          256      0       0
    BANK11          256      0       0
    BANK12          256      0       0
    BANK13          256      0       0
    BANK14          256      0       0
    BANK15          128      0       0

Pointer List with Targets:

    None.

Critical Paths under _main in COMRAM

    _main->_Delay_One_Sec

Critical Paths under _main in BANK0

    None.

Critical Paths under _main in BANK1

    None.

Critical Paths under _main in BANK2

    None.

Critical Paths under _main in BANK3

    None.

Critical Paths under _main in BANK4

    None.

Critical Paths under _main in BANK5

    None.

Critical Paths under _main in BANK6

    None.

Critical Paths under _main in BANK7

    None.

Critical Paths under _main in BANK8

    None.

Critical Paths under _main in BANK9

    None.

Critical Paths under _main in BANK10

    None.

Critical Paths under _main in BANK11

    None.

Critical Paths under _main in BANK12

    None.

Critical Paths under _main in BANK13

    None.

Critical Paths under _main in BANK14

    None.

Critical Paths under _main in BANK15

    None.

Call Graph Tables:

 ---------------------------------------------------------------------------------
 (Depth) Function   	        Calls       Base Space   Used Autos Params    Refs
 ---------------------------------------------------------------------------------
 (0) _main                                                 3     3      0     135
                                              2 COMRAM     3     3      0
                      _Delay_One_Sec
 ---------------------------------------------------------------------------------
 (1) _Delay_One_Sec                                        2     2      0      30
                                              0 COMRAM     2     2      0
 ---------------------------------------------------------------------------------
 Estimated maximum stack depth 1
 ---------------------------------------------------------------------------------

 Call Graph Graphs:

 _main (ROOT)
   _Delay_One_Sec

 Address spaces:
Name               Size   Autos  Total    Cost      Usage
BITCOMRAM           7F      0       0       0        0.0%
EEDATA             400      0       0       0        0.0%
NULL                 0      0       0       0        0.0%
CODE                 0      0       0       0        0.0%
COMRAM              7F      5       5       1        3.9%
STACK                0      0       0       2        0.0%
DATA                 0      0       0       3        0.0%
BITBANK0            80      0       0       4        0.0%
BANK0               80      0       0       5        0.0%
BITBANK1           100      0       0       6        0.0%
BANK1              100      0       0       7        0.0%
BITBANK2           100      0       0       8        0.0%
BANK2              100      0       0       9        0.0%
BITBANK3           100      0       0      10        0.0%
BANK3              100      0       0      11        0.0%
BITBANK4           100      0       0      12        0.0%
BANK4              100      0       0      13        0.0%
BITBANK5           100      0       0      14        0.0%
BANK5              100      0       0      15        0.0%
BITBANK6           100      0       0      16        0.0%
BANK6              100      0       0      17        0.0%
BITBANK7           100      0       0      18        0.0%
BANK7              100      0       0      19        0.0%
BITBANK8           100      0       0      20        0.0%
BANK8              100      0       0      21        0.0%
BITBANK9           100      0       0      22        0.0%
BANK9              100      0       0      23        0.0%
BITBANK10          100      0       0      24        0.0%
BANK10             100      0       0      25        0.0%
BITBANK11          100      0       0      26        0.0%
BANK11             100      0       0      27        0.0%
BITBANK12          100      0       0      28        0.0%
BANK12             100      0       0      29        0.0%
BITBANK13          100      0       0      30        0.0%
BANK13             100      0       0      31        0.0%
BITBANK14          100      0       0      32        0.0%
BANK14             100      0       0      33        0.0%
ABS                  0      0       0      34        0.0%
BITBANK15           80      0       0      35        0.0%
BANK15              80      0       0      36        0.0%
BIGRAM             F7F      0       0      37        0.0%
BITSFR               0      0       0      40        0.0%
SFR                  0      0       0      40        0.0%


Microchip Technology PIC18 Macro Assembler V1.34 build -361300703 
Symbol Table                                                                                   Sat Feb 12 10:14:13 2022

                     l20 FFCC                       l21 FFD8                       l17 FFBC  
                    l613 FFB6                      l621 FFD0                      l609 FFA2  
           __CFG_LVP$OFF 000000             __CFG_WDT$OFF 000000                     _main FFBE  
                   start 0000             ___param_bank 000010                    ?_main 0001  
                  _PORTC 000F82                    _PORTD 000F83                    _TRISA 000F92  
                  _TRISC 000F94                    _TRISD 000F95                    main@i 0005  
         __CFG_BOREN$OFF 000000                    status 000FD8          __initialization FF94  
           __end_of_main 0000                   ??_main 0003            __activetblptr 000000  
                 _ADCON1 000FC1                   main@in 0004               __accesstop 0080  
__end_of__initialization FF94            ___rparam_used 000001           __pcstackCOMRAM 0001  
         Delay_One_Sec@I 0001       __CFG_CCP2MX$PORTBE 000000   __size_of_Delay_One_Sec 0024  
                __Hparam 0000                  __Lparam 0000                  __pcinit FF94  
                __ramtop 1000                  __ptext0 FFBE                  __ptext1 FF9A  
                main@in2 0003     end_of_initialization FF94            _Delay_One_Sec FF9A  
         ?_Delay_One_Sec 0001      start_initialization FF94         __CFG_OSC$INTIO67 000000  
        ??_Delay_One_Sec 0001                 __Hrparam 0000                 __Lrparam 0000  
          __size_of_main 0042    __end_of_Delay_One_Sec FFBE  
